TN:
SF:src\bot\whatsappBot.ts
FN:10,(anonymous_9)
FN:14,(anonymous_10)
FN:26,(anonymous_11)
FN:47,(anonymous_12)
FN:77,(anonymous_13)
FN:98,(anonymous_14)
FN:198,(anonymous_15)
FNF:7
FNH:0
FNDA:0,(anonymous_9)
FNDA:0,(anonymous_10)
FNDA:0,(anonymous_11)
FNDA:0,(anonymous_12)
FNDA:0,(anonymous_13)
FNDA:0,(anonymous_14)
FNDA:0,(anonymous_15)
DA:1,0
DA:2,0
DA:4,0
DA:6,0
DA:7,0
DA:11,0
DA:15,0
DA:17,0
DA:19,0
DA:26,0
DA:27,0
DA:28,0
DA:29,0
DA:31,0
DA:33,0
DA:34,0
DA:35,0
DA:36,0
DA:38,0
DA:39,0
DA:44,0
DA:47,0
DA:48,0
DA:50,0
DA:51,0
DA:52,0
DA:54,0
DA:55,0
DA:58,0
DA:61,0
DA:64,0
DA:67,0
DA:68,0
DA:71,0
DA:77,0
DA:78,0
DA:79,0
DA:81,0
DA:82,0
DA:83,0
DA:84,0
DA:86,0
DA:87,0
DA:91,0
DA:99,0
DA:102,0
DA:111,0
DA:120,0
DA:121,0
DA:130,0
DA:131,0
DA:138,0
DA:139,0
DA:149,0
DA:150,0
DA:159,0
DA:160,0
DA:169,0
DA:170,0
DA:178,0
DA:179,0
DA:183,0
DA:184,0
DA:191,0
DA:201,0
LF:65
LH:0
BRDA:28,0,0,0
BRDA:31,1,0,0
BRDA:31,1,1,0
BRDA:35,2,0,0
BRDA:38,3,0,0
BRDA:48,4,0,0
BRDA:48,5,0,0
BRDA:48,5,1,0
BRDA:48,5,2,0
BRDA:52,6,0,0
BRDA:52,6,1,0
BRDA:54,7,0,0
BRDA:54,8,0,0
BRDA:54,8,1,0
BRDA:67,9,0,0
BRDA:67,10,0,0
BRDA:67,10,1,0
BRDA:79,11,0,0
BRDA:79,11,1,0
BRDA:83,12,0,0
BRDA:86,13,0,0
BRDA:102,14,0,0
BRDA:103,15,0,0
BRDA:103,15,1,0
BRDA:103,15,2,0
BRDA:103,15,3,0
BRDA:103,15,4,0
BRDA:103,15,5,0
BRDA:103,15,6,0
BRDA:120,16,0,0
BRDA:120,17,0,0
BRDA:120,17,1,0
BRDA:120,17,2,0
BRDA:130,18,0,0
BRDA:130,19,0,0
BRDA:130,19,1,0
BRDA:130,19,2,0
BRDA:138,20,0,0
BRDA:138,21,0,0
BRDA:138,21,1,0
BRDA:138,21,2,0
BRDA:149,22,0,0
BRDA:149,23,0,0
BRDA:149,23,1,0
BRDA:149,23,2,0
BRDA:159,24,0,0
BRDA:159,25,0,0
BRDA:159,25,1,0
BRDA:159,25,2,0
BRDA:169,26,0,0
BRDA:169,27,0,0
BRDA:169,27,1,0
BRDA:169,27,2,0
BRDA:178,28,0,0
BRDA:183,29,0,0
BRDA:183,30,0,0
BRDA:183,30,1,0
BRF:57
BRH:0
end_of_record
TN:
SF:src\config\index.ts
FN:81,(anonymous_0)
FNF:1
FNH:0
FNDA:0,(anonymous_0)
DA:1,0
DA:35,0
DA:43,0
DA:44,0
DA:45,0
DA:49,0
DA:81,0
DA:82,0
DA:83,0
DA:86,0
DA:87,0
DA:90,0
DA:91,0
DA:96,0
LF:14
LH:0
BRDA:44,0,0,0
BRDA:51,1,0,0
BRDA:51,1,1,0
BRDA:52,2,0,0
BRDA:52,2,1,0
BRDA:61,3,0,0
BRDA:61,3,1,0
BRDA:62,4,0,0
BRDA:62,4,1,0
BRDA:63,5,0,0
BRDA:63,5,1,0
BRDA:66,6,0,0
BRDA:66,6,1,0
BRDA:67,7,0,0
BRDA:67,7,1,0
BRDA:68,8,0,0
BRDA:68,8,1,0
BRDA:71,9,0,0
BRDA:71,9,1,0
BRDA:75,10,0,0
BRDA:75,10,1,0
BRDA:76,11,0,0
BRDA:76,11,1,0
BRDA:82,12,0,0
BRDA:82,13,0,0
BRDA:82,13,1,0
BRDA:86,14,0,0
BRDA:90,15,0,0
BRF:28
BRH:0
end_of_record
TN:
SF:src\controllers\botController.ts
FN:7,(anonymous_0)
FN:14,(anonymous_1)
FN:46,(anonymous_2)
FN:78,(anonymous_3)
FN:112,(anonymous_4)
FN:135,(anonymous_5)
FN:148,(anonymous_6)
FN:164,(anonymous_7)
FNF:8
FNH:4
FNDA:6,(anonymous_0)
FNDA:2,(anonymous_1)
FNDA:0,(anonymous_2)
FNDA:2,(anonymous_3)
FNDA:2,(anonymous_4)
FNDA:0,(anonymous_5)
FNDA:0,(anonymous_6)
FNDA:0,(anonymous_7)
DA:1,1
DA:4,1
DA:8,6
DA:15,2
DA:16,2
DA:17,2
DA:19,2
DA:25,2
DA:34,2
DA:35,1
DA:36,1
DA:38,1
DA:39,1
DA:47,0
DA:48,0
DA:49,0
DA:51,0
DA:57,0
DA:66,0
DA:67,0
DA:68,0
DA:70,0
DA:71,0
DA:79,2
DA:81,2
DA:83,2
DA:91,2
DA:92,2
DA:94,2
DA:101,2
DA:102,2
DA:104,0
DA:105,0
DA:113,2
DA:114,2
DA:115,2
DA:116,2
DA:118,2
DA:124,2
DA:125,1
DA:127,1
DA:128,1
DA:136,0
DA:137,0
DA:139,0
DA:146,0
DA:148,0
DA:156,0
DA:157,0
DA:165,0
DA:166,0
DA:168,0
DA:174,0
DA:175,0
DA:177,0
DA:178,0
LF:56
LH:30
BRDA:91,0,0,2
BRDA:91,0,1,1
BRDA:125,1,0,1
BRDA:125,1,1,0
BRDA:135,2,0,0
BRF:5
BRH:3
end_of_record
TN:
SF:src\controllers\messageController.ts
FN:8,(anonymous_0)
FN:12,(anonymous_1)
FN:20,(anonymous_2)
FN:36,(anonymous_3)
FN:60,(anonymous_4)
FN:85,(anonymous_5)
FN:109,(anonymous_6)
FN:162,(anonymous_7)
FN:210,(anonymous_8)
FN:227,(anonymous_9)
FNF:10
FNH:0
FNDA:0,(anonymous_0)
FNDA:0,(anonymous_1)
FNDA:0,(anonymous_2)
FNDA:0,(anonymous_3)
FNDA:0,(anonymous_4)
FNDA:0,(anonymous_5)
FNDA:0,(anonymous_6)
FNDA:0,(anonymous_7)
FNDA:0,(anonymous_8)
FNDA:0,(anonymous_9)
DA:2,0
DA:5,0
DA:9,0
DA:13,0
DA:14,0
DA:16,0
DA:21,0
DA:22,0
DA:28,0
DA:34,0
DA:36,0
DA:44,0
DA:48,0
DA:50,0
DA:51,0
DA:56,0
DA:61,0
DA:62,0
DA:63,0
DA:65,0
DA:66,0
DA:71,0
DA:72,0
DA:76,0
DA:83,0
DA:85,0
DA:93,0
DA:97,0
DA:99,0
DA:100,0
DA:105,0
DA:110,0
DA:111,0
DA:113,0
DA:114,0
DA:119,0
DA:120,0
DA:126,0
DA:127,0
DA:129,0
DA:135,0
DA:144,0
DA:146,0
DA:150,0
DA:152,0
DA:153,0
DA:158,0
DA:163,0
DA:164,0
DA:166,0
DA:167,0
DA:172,0
DA:173,0
DA:176,0
DA:184,0
DA:185,0
DA:187,0
DA:194,0
DA:198,0
DA:200,0
DA:201,0
DA:206,0
DA:211,0
DA:212,0
DA:218,0
DA:225,0
DA:227,0
DA:234,0
DA:238,0
DA:240,0
DA:241,0
DA:246,0
LF:72
LH:0
BRDA:23,0,0,0
BRDA:23,0,1,0
BRDA:24,1,0,0
BRDA:24,1,1,0
BRDA:63,2,0,0
BRDA:63,2,1,0
BRDA:65,3,0,0
BRDA:113,4,0,0
BRDA:113,5,0,0
BRDA:113,5,1,0
BRDA:164,6,0,0
BRDA:166,7,0,0
BRDA:213,8,0,0
BRDA:213,8,1,0
BRDA:214,9,0,0
BRDA:214,9,1,0
BRF:16
BRH:0
end_of_record
TN:
SF:src\database\connection.ts
FN:6,(anonymous_0)
FN:19,(anonymous_1)
FN:30,(anonymous_2)
FN:43,(anonymous_3)
FNF:4
FNH:0
FNDA:0,(anonymous_0)
FNDA:0,(anonymous_1)
FNDA:0,(anonymous_2)
FNDA:0,(anonymous_3)
DA:1,0
DA:3,0
DA:7,0
DA:20,0
DA:21,0
DA:22,0
DA:23,0
DA:25,0
DA:26,0
DA:31,0
DA:32,0
DA:33,0
DA:34,0
DA:36,0
DA:37,0
DA:39,0
DA:44,0
DA:45,0
LF:18
LH:0
BRDA:8,0,0,0
BRDA:8,0,1,0
BRDA:9,1,0,0
BRDA:9,1,1,0
BRDA:10,2,0,0
BRDA:10,2,1,0
BRDA:11,3,0,0
BRDA:11,3,1,0
BRDA:12,4,0,0
BRDA:12,4,1,0
BRF:10
BRH:0
end_of_record
TN:
SF:src\middleware\security.ts
FN:7,(anonymous_0)
FN:8,(anonymous_1)
FN:33,(anonymous_2)
FN:58,(anonymous_3)
FN:71,(anonymous_4)
FNF:5
FNH:0
FNDA:0,(anonymous_0)
FNDA:0,(anonymous_1)
FNDA:0,(anonymous_2)
FNDA:0,(anonymous_3)
FNDA:0,(anonymous_4)
DA:2,0
DA:5,0
DA:7,0
DA:8,0
DA:9,0
DA:10,0
DA:12,0
DA:14,0
DA:15,0
DA:16,0
DA:19,0
DA:20,0
DA:27,0
DA:28,0
DA:33,0
DA:39,0
DA:41,0
DA:42,0
DA:50,0
DA:58,0
DA:59,0
DA:60,0
DA:61,0
DA:63,0
DA:64,0
DA:66,0
DA:71,0
DA:72,0
DA:73,0
DA:76,0
DA:77,0
DA:80,0
DA:81,0
DA:88,0
LF:34
LH:0
BRDA:7,0,0,0
BRDA:7,1,0,0
BRDA:9,2,0,0
BRDA:9,2,1,0
BRDA:14,3,0,0
BRDA:14,4,0,0
BRDA:14,4,1,0
BRDA:19,5,0,0
BRDA:41,6,0,0
BRDA:63,7,0,0
BRDA:63,7,1,0
BRDA:72,8,0,0
BRDA:72,8,1,0
BRDA:76,9,0,0
BRDA:80,10,0,0
BRDA:80,11,0,0
BRDA:80,11,1,0
BRF:17
BRH:0
end_of_record
TN:
SF:src\routes\index.ts
FN:4,setRoutes
FN:9,(anonymous_1)
FN:10,(anonymous_2)
FN:11,(anonymous_3)
FN:12,(anonymous_4)
FN:15,(anonymous_5)
FN:16,(anonymous_6)
FNF:7
FNH:0
FNDA:0,setRoutes
FNDA:0,(anonymous_1)
FNDA:0,(anonymous_2)
FNDA:0,(anonymous_3)
FNDA:0,(anonymous_4)
FNDA:0,(anonymous_5)
FNDA:0,(anonymous_6)
DA:1,0
DA:2,0
DA:4,0
DA:5,0
DA:6,0
DA:9,0
DA:10,0
DA:11,0
DA:12,0
DA:15,0
DA:16,0
DA:18,0
LF:12
LH:0
BRF:0
BRH:0
end_of_record
TN:
SF:src\scripts\setupDatabase.ts
FN:7,(anonymous_0)
FN:11,(anonymous_1)
FN:49,(anonymous_2)
FN:55,runSetup
FNF:4
FNH:0
FNDA:0,(anonymous_0)
FNDA:0,(anonymous_1)
FNDA:0,(anonymous_2)
FNDA:0,runSetup
DA:1,0
DA:2,0
DA:4,0
DA:8,0
DA:12,0
DA:13,0
DA:16,0
DA:30,0
DA:42,0
DA:44,0
DA:45,0
DA:50,0
DA:56,0
DA:57,0
DA:58,0
DA:59,0
DA:61,0
DA:62,0
DA:64,0
DA:69,0
DA:70,0
LF:21
LH:0
BRDA:69,0,0,0
BRF:1
BRH:0
end_of_record
TN:
SF:src\services\messageQueue.ts
FN:18,(anonymous_0)
FN:22,(anonymous_1)
FN:45,(anonymous_2)
FN:46,(anonymous_3)
FN:64,(anonymous_4)
FN:78,(anonymous_5)
FN:83,(anonymous_6)
FN:121,(anonymous_7)
FN:128,(anonymous_8)
FN:135,(anonymous_9)
FN:136,(anonymous_10)
FN:144,(anonymous_11)
FNF:12
FNH:0
FNDA:0,(anonymous_0)
FNDA:0,(anonymous_1)
FNDA:0,(anonymous_2)
FNDA:0,(anonymous_3)
FNDA:0,(anonymous_4)
FNDA:0,(anonymous_5)
FNDA:0,(anonymous_6)
FNDA:0,(anonymous_7)
FNDA:0,(anonymous_8)
FNDA:0,(anonymous_9)
FNDA:0,(anonymous_10)
FNDA:0,(anonymous_11)
DA:12,0
DA:13,0
DA:14,0
DA:15,0
DA:16,0
DA:19,0
DA:23,0
DA:25,0
DA:35,0
DA:36,0
DA:38,0
DA:39,0
DA:42,0
DA:46,0
DA:48,0
DA:49,0
DA:50,0
DA:55,0
DA:56,0
DA:60,0
DA:65,0
DA:66,0
DA:69,0
DA:71,0
DA:72,0
DA:75,0
DA:77,0
DA:78,0
DA:81,0
DA:83,0
DA:84,0
DA:88,0
DA:89,0
DA:90,0
DA:94,0
DA:95,0
DA:97,0
DA:98,0
DA:99,0
DA:101,0
DA:105,0
DA:106,0
DA:108,0
DA:109,0
DA:110,0
DA:113,0
DA:114,0
DA:115,0
DA:120,0
DA:121,0
DA:125,0
DA:129,0
DA:136,0
DA:137,0
DA:138,0
DA:139,0
DA:141,0
DA:145,0
LF:58
LH:0
BRDA:22,0,0,0
BRDA:38,1,0,0
BRDA:48,2,0,0
BRDA:48,3,0,0
BRDA:48,3,1,0
BRDA:49,4,0,0
BRDA:55,5,0,0
BRDA:65,6,0,0
BRDA:65,7,0,0
BRDA:65,7,1,0
BRDA:75,8,0,0
BRDA:75,9,0,0
BRDA:75,9,1,0
BRDA:78,10,0,0
BRDA:78,10,1,0
BRDA:81,11,0,0
BRDA:97,12,0,0
BRDA:97,12,1,0
BRDA:108,13,0,0
BRDA:108,13,1,0
BRDA:120,14,0,0
BRDA:137,15,0,0
BRF:22
BRH:0
end_of_record
TN:
SF:src\types\index.ts
FNF:0
FNH:0
DA:2,0
LF:1
LH:0
BRF:0
BRH:0
end_of_record
TN:
SF:src\utils\logger.ts
FN:28,(anonymous_1)
FN:32,(anonymous_2)
FN:36,(anonymous_3)
FN:40,(anonymous_4)
FNF:4
FNH:0
FNDA:0,(anonymous_1)
FNDA:0,(anonymous_2)
FNDA:0,(anonymous_3)
FNDA:0,(anonymous_4)
DA:1,0
DA:4,0
DA:21,0
DA:22,0
DA:28,0
DA:29,0
DA:32,0
DA:33,0
DA:36,0
DA:37,0
DA:40,0
DA:41,0
LF:12
LH:0
BRDA:5,0,0,0
BRDA:5,0,1,0
BRDA:21,1,0,0
BRF:3
BRH:0
end_of_record
TN:
SF:src\utils\validation.ts
FN:3,(anonymous_0)
FN:9,(anonymous_1)
FN:21,(anonymous_2)
FN:30,(anonymous_3)
FN:45,(anonymous_4)
FNF:5
FNH:3
FNDA:1,(anonymous_0)
FNDA:9,(anonymous_1)
FNDA:7,(anonymous_2)
FNDA:0,(anonymous_3)
FNDA:0,(anonymous_4)
DA:2,1
DA:4,1
DA:5,1
DA:9,1
DA:10,9
DA:11,3
DA:15,6
DA:18,6
DA:21,1
DA:22,7
DA:23,3
DA:27,4
DA:30,1
DA:31,0
DA:32,0
DA:34,0
DA:35,0
DA:38,0
DA:39,0
DA:42,0
DA:45,1
DA:46,0
DA:47,0
DA:51,0
LF:24
LH:14
BRDA:10,0,0,3
BRDA:10,1,0,9
BRDA:10,1,1,6
BRDA:18,2,0,6
BRDA:18,2,1,4
BRDA:22,3,0,3
BRDA:22,4,0,7
BRDA:22,4,1,4
BRDA:27,5,0,4
BRDA:27,5,1,3
BRDA:31,6,0,0
BRDA:31,6,1,0
BRDA:32,7,0,0
BRDA:32,7,1,0
BRDA:34,8,0,0
BRDA:34,9,0,0
BRDA:34,9,1,0
BRDA:38,10,0,0
BRDA:46,11,0,0
BRDA:46,12,0,0
BRDA:46,12,1,0
BRF:21
BRH:10
end_of_record
